<?xml version="1.0" encoding="UTF-8"?>
<!-- Generated by org.testng.reporters.JUnitXMLReporter -->
<testsuite ignored="0" hostname="mounika" failures="0" tests="5" name="Default test" time="485.855" errors="0" timestamp="2023-07-31T16:09:18 IST">
  <testcase classname="vTigerOrganizationsTests.CreateMultipleOrgIndustryTest" name="createMultipleOrg" time="185.513"/>
  <testcase classname="vTigerOrganizationsTests.CreateMultipleOrgIndustryTest" name="createMultipleOrg" time="73.893"/>
  <testcase classname="vTigerOrganizationsTests.CreateMultipleOrgIndustryTest" name="createMultipleOrg" time="70.317"/>
  <testcase classname="vTigerOrganizationsTests.CreateMultipleOrgIndustryTest" name="createMultipleOrg" time="86.972"/>
  <testcase classname="vTigerOrganizationsTests.CreateMultipleOrgIndustryTest" name="createMultipleOrg" time="65.479"/>
</testsuite> <!-- Default test -->
