<?xml version="1.0" encoding="UTF-8"?>
<!-- Generated by org.testng.reporters.JUnitXMLReporter -->
<testsuite ignored="0" hostname="mounika" failures="0" tests="5" name="Test" time="369.967" errors="0" timestamp="2023-08-02T15:36:59 IST">
  <testcase classname="vTigerContactsTest.CreateContactWithOrgPOM_BASETest" name="createContactWithOrgTest" time="73.934"/>
  <testcase classname="vTigerContactsTest.CreateContactWithOrgPOM_BASETest" name="demo" time="0.006"/>
  <testcase classname="vTigerContactsTest.CreateContactWithOrganizationDDT_GUTest" name="createContactWithOrg" time="123.825"/>
  <testcase classname="vTigerContactsTest.CreateContctWithOrgPOMTest" name="createContactWithOrg" time="78.661"/>
  <testcase classname="vTigerContactsTest.CreateContctWithOrgPOMTest" name="demo" time="0.004"/>
</testsuite> <!-- Test -->
