<?xml version="1.0" encoding="UTF-8"?>
<testng-results ignored="0" total="5" passed="5" failed="0" skipped="0">
  <reporter-output>
  </reporter-output>
  <suite started-at="2023-08-02T15:30:48 IST" name="Suite" finished-at="2023-08-02T15:36:58 IST" duration-ms="369967">
    <groups>
      <group name="SmokeTesting">
        <method signature="CreateContctWithOrgPOMTest.createContactWithOrg()[pri:0, instance:vTigerContactsTest.CreateContctWithOrgPOMTest@564fabc8]" name="createContactWithOrg" class="vTigerContactsTest.CreateContctWithOrgPOMTest"/>
      </group> <!-- SmokeTesting -->
      <group name="RegressionSuite">
        <method signature="CreateContactWithOrgPOM_BASETest.createContactWithOrgTest()[pri:0, instance:vTigerContactsTest.CreateContactWithOrgPOM_BASETest@2d7275fc]" name="createContactWithOrgTest" class="vTigerContactsTest.CreateContactWithOrgPOM_BASETest"/>
      </group> <!-- RegressionSuite -->
    </groups>
    <test started-at="2023-08-02T15:30:48 IST" name="Test" finished-at="2023-08-02T15:36:58 IST" duration-ms="369967">
      <class name="vTigerContactsTest.CreateContactWithOrgPOM_BASETest">
        <test-method is-config="true" signature="bsConfig()[pri:0, instance:vTigerContactsTest.CreateContactWithOrgPOM_BASETest@2d7275fc]" started-at="2023-08-02T15:30:48 IST" name="bsConfig" finished-at="2023-08-02T15:30:48 IST" duration-ms="15" status="PASS">
          <reporter-output>
          </reporter-output>
        </test-method> <!-- bsConfig -->
        <test-method is-config="true" signature="bcConfig()[pri:0, instance:vTigerContactsTest.CreateContactWithOrgPOM_BASETest@2d7275fc]" started-at="2023-08-02T15:30:48 IST" name="bcConfig" finished-at="2023-08-02T15:31:44 IST" duration-ms="55507" status="PASS">
          <reporter-output>
          </reporter-output>
        </test-method> <!-- bcConfig -->
        <test-method is-config="true" signature="bmConfig()[pri:0, instance:vTigerContactsTest.CreateContactWithOrgPOM_BASETest@2d7275fc]" started-at="2023-08-02T15:31:44 IST" name="bmConfig" finished-at="2023-08-02T15:31:57 IST" duration-ms="12830" status="PASS">
          <reporter-output>
          </reporter-output>
        </test-method> <!-- bmConfig -->
        <test-method signature="createContactWithOrgTest()[pri:0, instance:vTigerContactsTest.CreateContactWithOrgPOM_BASETest@2d7275fc]" started-at="2023-08-02T15:31:57 IST" name="createContactWithOrgTest" finished-at="2023-08-02T15:33:11 IST" duration-ms="73934" status="PASS">
          <reporter-output>
          </reporter-output>
        </test-method> <!-- createContactWithOrgTest -->
        <test-method is-config="true" signature="amConfig()[pri:0, instance:vTigerContactsTest.CreateContactWithOrgPOM_BASETest@2d7275fc]" started-at="2023-08-02T15:33:11 IST" name="amConfig" finished-at="2023-08-02T15:33:16 IST" duration-ms="4975" status="PASS">
          <reporter-output>
          </reporter-output>
        </test-method> <!-- amConfig -->
        <test-method is-config="true" signature="bmConfig()[pri:0, instance:vTigerContactsTest.CreateContactWithOrgPOM_BASETest@2d7275fc]" started-at="2023-08-02T15:33:16 IST" name="bmConfig" finished-at="2023-08-02T15:33:22 IST" duration-ms="6268" status="PASS">
          <reporter-output>
          </reporter-output>
        </test-method> <!-- bmConfig -->
        <test-method signature="demo()[pri:0, instance:vTigerContactsTest.CreateContactWithOrgPOM_BASETest@2d7275fc]" started-at="2023-08-02T15:33:22 IST" name="demo" finished-at="2023-08-02T15:33:22 IST" duration-ms="6" status="PASS">
          <reporter-output>
          </reporter-output>
        </test-method> <!-- demo -->
        <test-method is-config="true" signature="amConfig()[pri:0, instance:vTigerContactsTest.CreateContactWithOrgPOM_BASETest@2d7275fc]" started-at="2023-08-02T15:33:22 IST" name="amConfig" finished-at="2023-08-02T15:33:31 IST" duration-ms="9057" status="PASS">
          <reporter-output>
          </reporter-output>
        </test-method> <!-- amConfig -->
        <test-method is-config="true" signature="acConfig()[pri:0, instance:vTigerContactsTest.CreateContactWithOrgPOM_BASETest@2d7275fc]" started-at="2023-08-02T15:36:53 IST" name="acConfig" finished-at="2023-08-02T15:36:58 IST" duration-ms="4790" status="PASS">
          <reporter-output>
          </reporter-output>
        </test-method> <!-- acConfig -->
        <test-method is-config="true" signature="asConfig()[pri:0, instance:vTigerContactsTest.CreateContactWithOrgPOM_BASETest@2d7275fc]" started-at="2023-08-02T15:36:59 IST" name="asConfig" finished-at="2023-08-02T15:36:59 IST" duration-ms="1" status="PASS">
          <reporter-output>
          </reporter-output>
        </test-method> <!-- asConfig -->
      </class> <!-- vTigerContactsTest.CreateContactWithOrgPOM_BASETest -->
      <class name="vTigerContactsTest.CreateContctWithOrgPOMTest">
        <test-method signature="createContactWithOrg()[pri:0, instance:vTigerContactsTest.CreateContctWithOrgPOMTest@564fabc8]" started-at="2023-08-02T15:35:35 IST" name="createContactWithOrg" finished-at="2023-08-02T15:36:53 IST" duration-ms="78661" status="PASS">
          <reporter-output>
          </reporter-output>
        </test-method> <!-- createContactWithOrg -->
        <test-method signature="demo()[pri:0, instance:vTigerContactsTest.CreateContctWithOrgPOMTest@564fabc8]" started-at="2023-08-02T15:36:53 IST" name="demo" finished-at="2023-08-02T15:36:53 IST" duration-ms="4" status="PASS">
          <reporter-output>
          </reporter-output>
        </test-method> <!-- demo -->
      </class> <!-- vTigerContactsTest.CreateContctWithOrgPOMTest -->
      <class name="vTigerContactsTest.CreateContactWithOrganizationDDT_GUTest">
        <test-method signature="createContactWithOrg()[pri:0, instance:vTigerContactsTest.CreateContactWithOrganizationDDT_GUTest@36bc55de]" started-at="2023-08-02T15:33:31 IST" name="createContactWithOrg" finished-at="2023-08-02T15:35:35 IST" duration-ms="123825" status="PASS">
          <reporter-output>
          </reporter-output>
        </test-method> <!-- createContactWithOrg -->
      </class> <!-- vTigerContactsTest.CreateContactWithOrganizationDDT_GUTest -->
    </test> <!-- Test -->
  </suite> <!-- Suite -->
</testng-results>
